0 info it worked if it ends with ok
1 verbose cli [ 'C:\\Program Files\\nodejs\\node.exe',
1 verbose cli   'C:\\Program Files\\nodejs\\node_modules\\npm\\bin\\npm-cli.js',
1 verbose cli   'install',
1 verbose cli   'n',
1 verbose cli   '-g' ]
2 info using npm@2.15.1
3 info using node@v4.4.3
4 verbose install initial load of C:\Users\Victor\AppData\Roaming\npm\package.json
5 verbose readDependencies loading dependencies from C:\Users\Victor\AppData\Roaming\npm\package.json
6 silly cache add args [ 'n', null ]
7 verbose cache add spec n
8 silly cache add parsed spec Result {
8 silly cache add   raw: 'n',
8 silly cache add   scope: null,
8 silly cache add   name: 'n',
8 silly cache add   rawSpec: '',
8 silly cache add   spec: 'latest',
8 silly cache add   type: 'tag' }
9 silly addNamed n@latest
10 verbose addNamed "latest" is being treated as a dist-tag for n
11 info addNameTag [ 'n', 'latest' ]
12 silly mapToRegistry name n
13 silly mapToRegistry using default registry
14 silly mapToRegistry registry https://registry.npmjs.org/
15 silly mapToRegistry data Result {
15 silly mapToRegistry   raw: 'n',
15 silly mapToRegistry   scope: null,
15 silly mapToRegistry   name: 'n',
15 silly mapToRegistry   rawSpec: '',
15 silly mapToRegistry   spec: 'latest',
15 silly mapToRegistry   type: 'tag' }
16 silly mapToRegistry uri https://registry.npmjs.org/n
17 verbose addNameTag registry:https://registry.npmjs.org/n not in flight; fetching
18 verbose request uri https://registry.npmjs.org/n
19 verbose request no auth needed
20 info attempt registry request try #1 at 9:17:35 PM
21 verbose request id 56545c26141b3586
22 verbose etag W/"58c04124-101ef"
23 verbose lastModified Wed, 08 Mar 2017 17:36:36 GMT
24 http request GET https://registry.npmjs.org/n
25 http 304 https://registry.npmjs.org/n
26 verbose headers { date: 'Tue, 14 Mar 2017 04:17:36 GMT',
26 verbose headers   via: '1.1 varnish',
26 verbose headers   'cache-control': 'max-age=300',
26 verbose headers   etag: 'W/"58c04124-101ef"',
26 verbose headers   age: '0',
26 verbose headers   connection: 'keep-alive',
26 verbose headers   'x-served-by': 'cache-lax8621-LAX',
26 verbose headers   'x-cache': 'HIT',
26 verbose headers   'x-cache-hits': '1',
26 verbose headers   'x-timer': 'S1489465056.169794,VS0,VE30',
26 verbose headers   vary: 'Accept-Encoding' }
27 silly get cb [ 304,
27 silly get   { date: 'Tue, 14 Mar 2017 04:17:36 GMT',
27 silly get     via: '1.1 varnish',
27 silly get     'cache-control': 'max-age=300',
27 silly get     etag: 'W/"58c04124-101ef"',
27 silly get     age: '0',
27 silly get     connection: 'keep-alive',
27 silly get     'x-served-by': 'cache-lax8621-LAX',
27 silly get     'x-cache': 'HIT',
27 silly get     'x-cache-hits': '1',
27 silly get     'x-timer': 'S1489465056.169794,VS0,VE30',
27 silly get     vary: 'Accept-Encoding' } ]
28 verbose etag https://registry.npmjs.org/n from cache
29 verbose get saving n to C:\Users\Victor\AppData\Roaming\npm-cache\registry.npmjs.org\n\.cache.json
30 verbose correctMkdir C:\Users\Victor\AppData\Roaming\npm-cache correctMkdir not in flight; initializing
31 silly addNameTag next cb for n with tag latest
32 silly addNamed n@2.1.5
33 verbose addNamed "2.1.5" is a plain semver version for n
34 silly cache afterAdd n@2.1.5
35 verbose afterAdd C:\Users\Victor\AppData\Roaming\npm-cache\n\2.1.5\package\package.json not in flight; writing
36 verbose correctMkdir C:\Users\Victor\AppData\Roaming\npm-cache correctMkdir not in flight; initializing
37 verbose afterAdd C:\Users\Victor\AppData\Roaming\npm-cache\n\2.1.5\package\package.json written
38 silly install resolved [ { name: 'n',
38 silly install resolved     description: 'Interactively Manage All Your Node Versions',
38 silly install resolved     version: '2.1.5',
38 silly install resolved     author: { name: 'TJ Holowaychuk', email: 'tj@vision-media.ca' },
38 silly install resolved     homepage: 'https://github.com/tj/n',
38 silly install resolved     bugs: { url: 'https://github.com/tj/n/issues' },
38 silly install resolved     contributors: [ [Object], [Object], [Object] ],
38 silly install resolved     keywords:
38 silly install resolved      [ 'nvm',
38 silly install resolved        'node',
38 silly install resolved        'version',
38 silly install resolved        'manager',
38 silly install resolved        'switcher',
38 silly install resolved        'node',
38 silly install resolved        'binary',
38 silly install resolved        'env' ],
38 silly install resolved     bin: { n: './bin/n' },
38 silly install resolved     repository: { type: 'git', url: 'git://github.com/tj/n.git' },
38 silly install resolved     preferGlobal: true,
38 silly install resolved     os: [ '!win32' ],
38 silly install resolved     engines: { node: '*' },
38 silly install resolved     license: 'MIT',
38 silly install resolved     gitHead: 'cf8b323b4814c280a009344cfec12d6693b09d70',
38 silly install resolved     _id: 'n@2.1.5',
38 silly install resolved     scripts: {},
38 silly install resolved     _shasum: '146a44fbcff3d3f12be7d7bcdd516d796be2e180',
38 silly install resolved     _from: 'n@latest',
38 silly install resolved     _npmVersion: '2.15.5',
38 silly install resolved     _nodeVersion: '4.4.5',
38 silly install resolved     _npmUser: { name: 'troy0820', email: 'troy.connor@yahoo.com' },
38 silly install resolved     dist:
38 silly install resolved      { shasum: '146a44fbcff3d3f12be7d7bcdd516d796be2e180',
38 silly install resolved        tarball: 'https://registry.npmjs.org/n/-/n-2.1.5.tgz' },
38 silly install resolved     maintainers: [ [Object], [Object], [Object], [Object], [Object], [Object] ],
38 silly install resolved     _npmOperationalInternal:
38 silly install resolved      { host: 'packages-12-west.internal.npmjs.com',
38 silly install resolved        tmp: 'tmp/n-2.1.5.tgz_1488994594679_0.9208811118733138' },
38 silly install resolved     directories: {},
38 silly install resolved     _resolved: 'https://registry.npmjs.org/n/-/n-2.1.5.tgz',
38 silly install resolved     readme: 'ERROR: No README data found!' } ]
39 info install n@2.1.5 into C:\Users\Victor\AppData\Roaming\npm
40 info installOne n@2.1.5
41 verbose installOne of n to C:\Users\Victor\AppData\Roaming\npm not in flight; installing
42 verbose correctMkdir C:\Users\Victor\AppData\Roaming\npm-cache\_locks correctMkdir not in flight; initializing
43 verbose lock using C:\Users\Victor\AppData\Roaming\npm-cache\_locks\n-69dc28a07191b183.lock for C:\Users\Victor\AppData\Roaming\npm\node_modules\n
44 verbose unlock done using C:\Users\Victor\AppData\Roaming\npm-cache\_locks\n-69dc28a07191b183.lock for C:\Users\Victor\AppData\Roaming\npm\node_modules\n
45 verbose stack Error: Unsupported
45 verbose stack     at checkPlatform (C:\Program Files\nodejs\node_modules\npm\node_modules\npm-install-checks\index.js:47:14)
45 verbose stack     at Array.<anonymous> (C:\Program Files\nodejs\node_modules\npm\node_modules\slide\lib\bind-actor.js:15:8)
45 verbose stack     at LOOP (C:\Program Files\nodejs\node_modules\npm\node_modules\slide\lib\chain.js:15:14)
45 verbose stack     at C:\Program Files\nodejs\node_modules\npm\node_modules\slide\lib\chain.js:18:7
45 verbose stack     at checkEngine (C:\Program Files\nodejs\node_modules\npm\node_modules\npm-install-checks\index.js:26:10)
45 verbose stack     at Array.<anonymous> (C:\Program Files\nodejs\node_modules\npm\node_modules\slide\lib\bind-actor.js:15:8)
45 verbose stack     at LOOP (C:\Program Files\nodejs\node_modules\npm\node_modules\slide\lib\chain.js:15:14)
45 verbose stack     at chain (C:\Program Files\nodejs\node_modules\npm\node_modules\slide\lib\chain.js:20:5)
45 verbose stack     at C:\Program Files\nodejs\node_modules\npm\lib\install.js:1038:5
45 verbose stack     at C:\Program Files\nodejs\node_modules\npm\lib\utils\locker.js:39:7
46 verbose pkgid n@2.1.5
47 verbose cwd C:\Users\Victor\Desktop\ridelink
48 error Windows_NT 10.0.14393
49 error argv "C:\\Program Files\\nodejs\\node.exe" "C:\\Program Files\\nodejs\\node_modules\\npm\\bin\\npm-cli.js" "install" "n" "-g"
50 error node v4.4.3
51 error npm  v2.15.1
52 error code EBADPLATFORM
53 error notsup Unsupported
53 error notsup Not compatible with your operating system or architecture: n@2.1.5
53 error notsup Valid OS:    !win32
53 error notsup Valid Arch:  any
53 error notsup Actual OS:   win32
53 error notsup Actual Arch: x64
54 verbose exit [ 1, true ]
